2018-05-06 11:15:13 DEBUG Application:36 - This is debug : mkyong
2018-05-06 11:15:13 INFO  Application:40 - This is info : mkyong
2018-05-06 11:15:13 WARN  Application:43 - This is warn : mkyong
2018-05-06 11:15:13 ERROR Application:44 - This is error : mkyong
2018-05-06 11:15:13 FATAL Application:45 - This is fatal : mkyong
2018-05-06 11:16:07 DEBUG Application:36 - This is debug : mkyong
2018-05-06 11:16:07 INFO  Application:40 - This is info : mkyong
2018-05-06 11:16:07 WARN  Application:43 - This is warn : mkyong
2018-05-06 11:16:07 ERROR Application:44 - This is error : mkyong
2018-05-06 11:16:07 FATAL Application:45 - This is fatal : mkyong
2018-05-06 11:17:19 DEBUG Application:36 - This is debug : mkyong
2018-05-06 11:17:19 INFO  Application:40 - This is info : mkyong
2018-05-06 11:17:19 WARN  Application:43 - This is warn : mkyong
2018-05-06 11:17:19 ERROR Application:44 - This is error : mkyong
2018-05-06 11:17:19 FATAL Application:45 - This is fatal : mkyong
2018-05-06 11:18:06 DEBUG Application:36 - This is debug : mkyong
2018-05-06 11:18:06 INFO  Application:40 - This is info : mkyong
2018-05-06 11:18:06 WARN  Application:43 - This is warn : mkyong
2018-05-06 11:18:06 ERROR Application:44 - This is error : mkyong
2018-05-06 11:18:06 FATAL Application:45 - This is fatal : mkyong
2018-05-06 11:25:09 DEBUG Application:36 - This is debug : mkyong
2018-05-06 11:25:09 INFO  Application:40 - This is info : mkyong
2018-05-06 11:25:09 WARN  Application:43 - This is warn : mkyong
2018-05-06 11:25:09 ERROR Application:44 - This is error : mkyong
2018-05-06 11:25:09 FATAL Application:45 - This is fatal : mkyong
2018-05-06 11:26:03 DEBUG Application:36 - This is debug : mkyong
2018-05-06 11:26:03 INFO  Application:40 - This is info : mkyong
2018-05-06 11:26:03 WARN  Application:43 - This is warn : mkyong
2018-05-06 11:26:03 ERROR Application:44 - This is error : mkyong
2018-05-06 11:26:03 FATAL Application:45 - This is fatal : mkyong
